INFO  08:15:24 Application started. Press Ctrl+C to shut down.
INFO  08:15:24 Application started. Press Ctrl+C to shut down.
INFO  08:15:24 Hosting environment: Development
INFO  08:15:24 Hosting environment: Development
INFO  08:15:24 Content root path: C:\Users\Devi\Source\Repos\SimulationProject\BookingService
INFO  08:15:24 Content root path: C:\Users\Devi\Source\Repos\SimulationProject\BookingService
INFO  08:15:37 Get BookingDetails by Id accessed
INFO  02:12:23 Application started. Press Ctrl+C to shut down.
INFO  02:12:23 Application started. Press Ctrl+C to shut down.
INFO  02:12:24 Hosting environment: Development
INFO  02:12:24 Hosting environment: Development
INFO  02:12:24 Content root path: C:\Users\Devi\Source\Repos\SimulationProject\BookingService
INFO  02:12:24 Content root path: C:\Users\Devi\Source\Repos\SimulationProject\BookingService
INFO  02:46:44 Application started. Press Ctrl+C to shut down.
INFO  02:46:44 Application started. Press Ctrl+C to shut down.
INFO  02:46:44 Hosting environment: Development
INFO  02:46:44 Hosting environment: Development
INFO  02:46:44 Content root path: C:\Users\Devi\Source\Repos\SimulationProject\BookingService
INFO  02:46:44 Content root path: C:\Users\Devi\Source\Repos\SimulationProject\BookingService
INFO  02:52:21 Application started. Press Ctrl+C to shut down.
INFO  02:52:21 Application started. Press Ctrl+C to shut down.
INFO  02:52:21 Hosting environment: Development
INFO  02:52:21 Hosting environment: Development
INFO  02:52:21 Content root path: C:\Users\Devi\Source\Repos\SimulationProject\BookingService
INFO  02:52:21 Content root path: C:\Users\Devi\Source\Repos\SimulationProject\BookingService
INFO  03:03:00 Application started. Press Ctrl+C to shut down.
INFO  03:03:00 Application started. Press Ctrl+C to shut down.
INFO  03:03:00 Hosting environment: Development
INFO  03:03:00 Hosting environment: Development
INFO  03:03:00 Content root path: C:\Users\Devi\Source\Repos\SimulationProject\BookingService
INFO  03:03:00 Content root path: C:\Users\Devi\Source\Repos\SimulationProject\BookingService
INFO  03:03:39 Book Details Getting Added
INFO  03:05:19 Book Details Getting Added
INFO  03:07:51 Book Details Getting Added
INFO  03:27:52 Get BookingDetails by Id accessed
INFO  03:32:49 Get BookingDetails by Id accessed
INFO  03:39:08 Get BookingDetails by Id accessed
INFO  03:47:02 Get BookingDetails by Id accessed
INFO  03:51:30 Get BookingDetails by Id accessed
INFO  03:52:59 Application started. Press Ctrl+C to shut down.
INFO  03:52:59 Application started. Press Ctrl+C to shut down.
INFO  03:52:59 Hosting environment: Development
INFO  03:52:59 Hosting environment: Development
INFO  03:52:59 Content root path: C:\Users\Devi\Source\Repos\SimulationProject\BookingService
INFO  03:52:59 Content root path: C:\Users\Devi\Source\Repos\SimulationProject\BookingService
INFO  03:53:23 Get BookingDetails by Id accessed
INFO  03:55:28 Get BookingDetails by Id accessed
INFO  03:56:11 Book Details Getting Added
INFO  03:56:29 Get BookingDetails by Id accessed
INFO  04:08:50 Get BookingDetails by Id accessed
INFO  04:59:29 Get BookingDetails by Id accessed
INFO  05:00:00 Book Details Getting Added
INFO  05:00:10 Get BookingDetails by Id accessed
INFO  05:03:00 Get BookingDetails by Id accessed
INFO  05:03:19 Book Details Getting Added
INFO  05:03:29 Get BookingDetails by Id accessed
INFO  08:23:16 Application started. Press Ctrl+C to shut down.
INFO  08:23:16 Application started. Press Ctrl+C to shut down.
INFO  08:23:16 Hosting environment: Development
INFO  08:23:16 Hosting environment: Development
INFO  08:23:16 Content root path: C:\Users\Devi\Source\Repos\SimulationProject\BookingService
INFO  08:23:16 Content root path: C:\Users\Devi\Source\Repos\SimulationProject\BookingService
INFO  09:20:53 Application started. Press Ctrl+C to shut down.
INFO  09:20:53 Application started. Press Ctrl+C to shut down.
INFO  09:20:53 Hosting environment: Development
INFO  09:20:53 Hosting environment: Development
INFO  09:20:53 Content root path: C:\Users\Devi\Source\Repos\SimulationProject\BookingService
INFO  09:20:53 Content root path: C:\Users\Devi\Source\Repos\SimulationProject\BookingService
INFO  09:22:48 Get BookingDetails by Id accessed
INFO  09:39:21 Get BookingDetails by Id accessed
INFO  10:24:15 Application started. Press Ctrl+C to shut down.
INFO  10:24:15 Application started. Press Ctrl+C to shut down.
INFO  10:24:15 Hosting environment: Development
INFO  10:24:15 Hosting environment: Development
INFO  10:24:15 Content root path: C:\Users\Devi\Source\Repos\SimulationProject\BookingService
INFO  10:24:15 Content root path: C:\Users\Devi\Source\Repos\SimulationProject\BookingService
INFO  10:24:29 Get BookingDetails by Id accessed
INFO  10:31:48 Book Details Getting Added
INFO  10:31:55 Get BookingDetails by Id accessed
INFO  10:33:46 Book Details Getting Added
INFO  10:33:50 Get BookingDetails by Id accessed
INFO  10:35:14 Book Details Getting Added
INFO  10:35:18 Get BookingDetails by Id accessed
INFO  10:39:32 Get BookingDetails by Id accessed
INFO  10:40:13 Get BookingDetails by Id accessed
INFO  10:42:19 Get BookingDetails by Id accessed
INFO  10:50:24 Book Details Getting Added
INFO  10:50:29 Get BookingDetails by Id accessed
INFO  08:51:50 Application started. Press Ctrl+C to shut down.
INFO  08:51:50 Application started. Press Ctrl+C to shut down.
INFO  08:51:50 Hosting environment: Development
INFO  08:51:50 Hosting environment: Development
INFO  08:51:50 Content root path: C:\Users\Devi\Source\Repos\SimulationProject\BookingService
INFO  08:51:50 Content root path: C:\Users\Devi\Source\Repos\SimulationProject\BookingService
INFO  08:54:28 Book Details Getting Added
INFO  08:54:37 Get BookingDetails by Id accessed
INFO  08:55:24 Book Details Getting Added
INFO  08:55:28 Get BookingDetails by Id accessed
INFO  08:56:52 Get BookingDetails by Id accessed
INFO  08:57:07 Book Details Getting Added
INFO  08:57:10 Get BookingDetails by Id accessed
INFO  09:57:31 Get BookingDetails by Id accessed
INFO  09:57:53 Book Details Getting Added
INFO  09:57:59 Get BookingDetails by Id accessed
INFO  09:59:53 Get BookingDetails by Id accessed
INFO  02:06:39 Application started. Press Ctrl+C to shut down.
INFO  02:06:39 Application started. Press Ctrl+C to shut down.
INFO  02:06:39 Hosting environment: Development
INFO  02:06:39 Hosting environment: Development
INFO  02:06:40 Content root path: C:\Users\Devi\Source\Repos\VehicleRentalService\SimulationProject\BookingService
INFO  02:06:40 Content root path: C:\Users\Devi\Source\Repos\VehicleRentalService\SimulationProject\BookingService
INFO  02:09:36 Get BookingDetails by Id accessed
INFO  02:09:47 Get BookingDetails by Id accessed
INFO  02:10:02 Book Details Getting Added
INFO  02:10:06 Get BookingDetails by Id accessed
